<?xml version="1.0" encoding="UTF-8"?>
<coverage generated="1630315413927" clover="3.2.0">
  <project timestamp="1630315413927" name="All files">
    <metrics statements="160" coveredstatements="125" conditionals="44" coveredconditionals="27" methods="60" coveredmethods="45" elements="264" coveredelements="197" complexity="0" loc="160" ncloc="160" packages="6" files="21" classes="21"/>
    <package name="src">
      <metrics statements="34" coveredstatements="24" conditionals="12" coveredconditionals="3" methods="14" coveredmethods="12"/>
      <file name="App.js" path="/Users/nicholasromano/Documents/take-home/src/App.js">
        <metrics statements="1" coveredstatements="1" conditionals="0" coveredconditionals="0" methods="1" coveredmethods="1"/>
        <line num="7" count="2" type="stmt"/>
      </file>
      <file name="MainPage.js" path="/Users/nicholasromano/Documents/take-home/src/MainPage.js">
        <metrics statements="32" coveredstatements="23" conditionals="12" coveredconditionals="3" methods="13" coveredmethods="11"/>
        <line num="22" count="15" type="stmt"/>
        <line num="23" count="15" type="stmt"/>
        <line num="24" count="15" type="stmt"/>
        <line num="25" count="15" type="stmt"/>
        <line num="26" count="15" type="stmt"/>
        <line num="28" count="15" type="stmt"/>
        <line num="30" count="0" type="stmt"/>
        <line num="32" count="0" type="cond" truecount="0" falsecount="2"/>
        <line num="33" count="0" type="stmt"/>
        <line num="36" count="0" type="cond" truecount="0" falsecount="2"/>
        <line num="37" count="0" type="stmt"/>
        <line num="44" count="0" type="stmt"/>
        <line num="56" count="15" type="stmt"/>
        <line num="57" count="0" type="stmt"/>
        <line num="58" count="0" type="cond" truecount="0" falsecount="2"/>
        <line num="59" count="0" type="cond" truecount="0" falsecount="2"/>
        <line num="65" count="15" type="stmt"/>
        <line num="66" count="2" type="stmt"/>
        <line num="69" count="15" type="stmt"/>
        <line num="70" count="2" type="stmt"/>
        <line num="73" count="2" type="stmt"/>
        <line num="75" count="2" type="stmt"/>
        <line num="76" count="2" type="stmt"/>
        <line num="77" count="2" type="stmt"/>
        <line num="78" count="2" type="stmt"/>
        <line num="81" count="2" type="stmt"/>
        <line num="83" count="2" type="stmt"/>
        <line num="89" count="2" type="stmt"/>
        <line num="97" count="15" type="stmt"/>
        <line num="98" count="2" type="stmt"/>
        <line num="103" count="15" type="stmt"/>
        <line num="123" count="1" type="stmt"/>
      </file>
      <file name="index.js" path="/Users/nicholasromano/Documents/take-home/src/index.js">
        <metrics statements="1" coveredstatements="0" conditionals="0" coveredconditionals="0" methods="0" coveredmethods="0"/>
        <line num="6" count="0" type="stmt"/>
      </file>
    </package>
    <package name="src.components">
      <metrics statements="68" coveredstatements="54" conditionals="12" coveredconditionals="9" methods="32" coveredmethods="20"/>
      <file name="AddShelfForm.js" path="/Users/nicholasromano/Documents/take-home/src/components/AddShelfForm.js">
        <metrics statements="11" coveredstatements="11" conditionals="2" coveredconditionals="2" methods="4" coveredmethods="4"/>
        <line num="6" count="11" type="stmt"/>
        <line num="7" count="11" type="stmt"/>
        <line num="9" count="11" type="stmt"/>
        <line num="11" count="2" type="stmt"/>
        <line num="12" count="2" type="stmt"/>
        <line num="13" count="2" type="stmt"/>
        <line num="14" count="2" type="stmt"/>
        <line num="15" count="2" type="stmt"/>
        <line num="20" count="11" type="stmt"/>
        <line num="30" count="2" type="stmt"/>
        <line num="41" count="2" type="stmt"/>
      </file>
      <file name="AddShelfModal.js" path="/Users/nicholasromano/Documents/take-home/src/components/AddShelfModal.js">
        <metrics statements="6" coveredstatements="6" conditionals="0" coveredconditionals="0" methods="2" coveredmethods="2"/>
        <line num="15" count="15" type="stmt"/>
        <line num="16" count="15" type="stmt"/>
        <line num="17" count="15" type="stmt"/>
        <line num="19" count="15" type="stmt"/>
        <line num="20" count="1" type="stmt"/>
        <line num="26" count="15" type="stmt"/>
      </file>
      <file name="AppBarBanner.js" path="/Users/nicholasromano/Documents/take-home/src/components/AppBarBanner.js">
        <metrics statements="7" coveredstatements="6" conditionals="0" coveredconditionals="0" methods="3" coveredmethods="2"/>
        <line num="4" count="2" type="stmt"/>
        <line num="17" count="1" type="stmt"/>
        <line num="19" count="15" type="stmt"/>
        <line num="21" count="15" type="stmt"/>
        <line num="23" count="15" type="stmt"/>
        <line num="24" count="0" type="stmt"/>
        <line num="30" count="15" type="stmt"/>
      </file>
      <file name="ChangeUserModal.js" path="/Users/nicholasromano/Documents/take-home/src/components/ChangeUserModal.js">
        <metrics statements="15" coveredstatements="10" conditionals="0" coveredconditionals="0" methods="4" coveredmethods="1"/>
        <line num="13" count="15" type="stmt"/>
        <line num="14" count="15" type="stmt"/>
        <line num="15" count="15" type="stmt"/>
        <line num="16" count="15" type="stmt"/>
        <line num="18" count="15" type="stmt"/>
        <line num="19" count="15" type="stmt"/>
        <line num="20" count="15" type="stmt"/>
        <line num="22" count="15" type="stmt"/>
        <line num="23" count="0" type="stmt"/>
        <line num="29" count="15" type="stmt"/>
        <line num="30" count="0" type="stmt"/>
        <line num="33" count="0" type="stmt"/>
        <line num="37" count="0" type="stmt"/>
        <line num="44" count="15" type="stmt"/>
        <line num="61" count="0" type="stmt"/>
      </file>
      <file name="RecordsContainer.js" path="/Users/nicholasromano/Documents/take-home/src/components/RecordsContainer.js">
        <metrics statements="2" coveredstatements="2" conditionals="0" coveredconditionals="0" methods="2" coveredmethods="2"/>
        <line num="6" count="13" type="stmt"/>
        <line num="21" count="9" type="stmt"/>
      </file>
      <file name="Shelf.js" path="/Users/nicholasromano/Documents/take-home/src/components/Shelf.js">
        <metrics statements="14" coveredstatements="7" conditionals="4" coveredconditionals="2" methods="10" coveredmethods="3"/>
        <line num="16" count="1" type="stmt"/>
        <line num="17" count="0" type="stmt"/>
        <line num="20" count="1" type="stmt"/>
        <line num="21" count="1" type="stmt"/>
        <line num="23" count="1" type="stmt"/>
        <line num="24" count="0" type="stmt"/>
        <line num="25" count="0" type="stmt"/>
        <line num="28" count="1" type="stmt"/>
        <line num="41" count="0" type="stmt"/>
        <line num="46" count="0" type="stmt"/>
        <line num="52" count="1" type="stmt"/>
        <line num="69" count="1" type="stmt"/>
        <line num="79" count="0" type="stmt"/>
        <line num="85" count="0" type="stmt"/>
      </file>
      <file name="SideMenu.js" path="/Users/nicholasromano/Documents/take-home/src/components/SideMenu.js">
        <metrics statements="13" coveredstatements="12" conditionals="6" coveredconditionals="5" methods="7" coveredmethods="6"/>
        <line num="14" count="2" type="stmt"/>
        <line num="31" count="1" type="stmt"/>
        <line num="32" count="15" type="stmt"/>
        <line num="33" count="15" type="stmt"/>
        <line num="35" count="15" type="stmt"/>
        <line num="36" count="1" type="stmt"/>
        <line num="42" count="15" type="stmt"/>
        <line num="43" count="0" type="stmt"/>
        <line num="49" count="15" type="stmt"/>
        <line num="50" count="2" type="stmt"/>
        <line num="56" count="15" type="stmt"/>
        <line num="88" count="4" type="stmt"/>
        <line num="92" count="1" type="stmt"/>
      </file>
    </package>
    <package name="src.store">
      <metrics statements="3" coveredstatements="3" conditionals="0" coveredconditionals="0" methods="2" coveredmethods="2"/>
      <file name="RootContextProvider.js" path="/Users/nicholasromano/Documents/take-home/src/store/RootContextProvider.js">
        <metrics statements="2" coveredstatements="2" conditionals="0" coveredconditionals="0" methods="1" coveredmethods="1"/>
        <line num="5" count="1" type="stmt"/>
        <line num="6" count="2" type="stmt"/>
      </file>
      <file name="useRootContext.js" path="/Users/nicholasromano/Documents/take-home/src/store/useRootContext.js">
        <metrics statements="1" coveredstatements="1" conditionals="0" coveredconditionals="0" methods="1" coveredmethods="1"/>
        <line num="5" count="75" type="stmt"/>
      </file>
    </package>
    <package name="src.store.admin">
      <metrics statements="10" coveredstatements="10" conditionals="2" coveredconditionals="2" methods="3" coveredmethods="3"/>
      <file name="context.js" path="/Users/nicholasromano/Documents/take-home/src/store/admin/context.js">
        <metrics statements="5" coveredstatements="5" conditionals="0" coveredconditionals="0" methods="1" coveredmethods="1"/>
        <line num="5" count="2" type="stmt"/>
        <line num="9" count="2" type="stmt"/>
        <line num="11" count="2" type="stmt"/>
        <line num="13" count="3" type="stmt"/>
        <line num="15" count="3" type="stmt"/>
      </file>
      <file name="hook.js" path="/Users/nicholasromano/Documents/take-home/src/store/admin/hook.js">
        <metrics statements="1" coveredstatements="1" conditionals="0" coveredconditionals="0" methods="1" coveredmethods="1"/>
        <line num="4" count="75" type="stmt"/>
      </file>
      <file name="reducer.js" path="/Users/nicholasromano/Documents/take-home/src/store/admin/reducer.js">
        <metrics statements="4" coveredstatements="4" conditionals="2" coveredconditionals="2" methods="1" coveredmethods="1"/>
        <line num="3" count="2" type="stmt"/>
        <line num="4" count="2" type="cond" truecount="2" falsecount="0"/>
        <line num="6" count="1" type="stmt"/>
        <line num="11" count="1" type="stmt"/>
      </file>
    </package>
    <package name="src.store.catalog">
      <metrics statements="30" coveredstatements="21" conditionals="11" coveredconditionals="8" methods="6" coveredmethods="5"/>
      <file name="context.js" path="/Users/nicholasromano/Documents/take-home/src/store/catalog/context.js">
        <metrics statements="5" coveredstatements="5" conditionals="0" coveredconditionals="0" methods="1" coveredmethods="1"/>
        <line num="4" count="2" type="stmt"/>
        <line num="7" count="2" type="stmt"/>
        <line num="9" count="2" type="stmt"/>
        <line num="11" count="6" type="stmt"/>
        <line num="13" count="6" type="stmt"/>
      </file>
      <file name="hook.js" path="/Users/nicholasromano/Documents/take-home/src/store/catalog/hook.js">
        <metrics statements="1" coveredstatements="1" conditionals="0" coveredconditionals="0" methods="1" coveredmethods="1"/>
        <line num="4" count="75" type="stmt"/>
      </file>
      <file name="reducer.js" path="/Users/nicholasromano/Documents/take-home/src/store/catalog/reducer.js">
        <metrics statements="24" coveredstatements="15" conditionals="11" coveredconditionals="8" methods="4" coveredmethods="3"/>
        <line num="4" count="2" type="stmt"/>
        <line num="6" count="2" type="stmt"/>
        <line num="7" count="17" type="cond" truecount="7" falsecount="2"/>
        <line num="9" count="8" type="stmt"/>
        <line num="10" count="8" type="stmt"/>
        <line num="11" count="8" type="stmt"/>
        <line num="20" count="2" type="stmt"/>
        <line num="21" count="2" type="cond" truecount="1" falsecount="1"/>
        <line num="22" count="0" type="stmt"/>
        <line num="24" count="2" type="stmt"/>
        <line num="27" count="1" type="stmt"/>
        <line num="35" count="3" type="stmt"/>
        <line num="45" count="1" type="stmt"/>
        <line num="50" count="1" type="stmt"/>
        <line num="55" count="0" type="stmt"/>
        <line num="56" count="0" type="stmt"/>
        <line num="57" count="0" type="stmt"/>
        <line num="58" count="0" type="stmt"/>
        <line num="66" count="0" type="stmt"/>
        <line num="67" count="0" type="stmt"/>
        <line num="73" count="0" type="stmt"/>
        <line num="78" count="0" type="stmt"/>
        <line num="87" count="1" type="stmt"/>
        <line num="90" count="1" type="stmt"/>
      </file>
    </package>
    <package name="src.store.layout">
      <metrics statements="15" coveredstatements="13" conditionals="7" coveredconditionals="5" methods="3" coveredmethods="3"/>
      <file name="context.js" path="/Users/nicholasromano/Documents/take-home/src/store/layout/context.js">
        <metrics statements="5" coveredstatements="5" conditionals="0" coveredconditionals="0" methods="1" coveredmethods="1"/>
        <line num="5" count="2" type="stmt"/>
        <line num="15" count="2" type="stmt"/>
        <line num="17" count="2" type="stmt"/>
        <line num="19" count="9" type="stmt"/>
        <line num="21" count="9" type="stmt"/>
      </file>
      <file name="hook.js" path="/Users/nicholasromano/Documents/take-home/src/store/layout/hook.js">
        <metrics statements="1" coveredstatements="1" conditionals="0" coveredconditionals="0" methods="1" coveredmethods="1"/>
        <line num="4" count="75" type="stmt"/>
      </file>
      <file name="reducer.js" path="/Users/nicholasromano/Documents/take-home/src/store/layout/reducer.js">
        <metrics statements="9" coveredstatements="7" conditionals="7" coveredconditionals="5" methods="1" coveredmethods="1"/>
        <line num="2" count="2" type="stmt"/>
        <line num="3" count="10" type="cond" truecount="5" falsecount="2"/>
        <line num="5" count="1" type="stmt"/>
        <line num="10" count="1" type="stmt"/>
        <line num="16" count="1" type="stmt"/>
        <line num="21" count="4" type="stmt"/>
        <line num="26" count="3" type="stmt"/>
        <line num="31" count="0" type="stmt"/>
        <line num="36" count="0" type="stmt"/>
      </file>
    </package>
  </project>
</coverage>
