{"/Users/nicholasromano/Documents/take-home/src/App.js": {"path":"/Users/nicholasromano/Documents/take-home/src/App.js","statementMap":{"0":{"start":{"line":7,"column":2},"end":{"line":11,"column":4}}},"fnMap":{"0":{"name":"App","decl":{"start":{"line":5,"column":24},"end":{"line":5,"column":27}},"loc":{"start":{"line":5,"column":30},"end":{"line":12,"column":1}},"line":5}},"branchMap":{},"s":{"0":2},"f":{"0":2},"b":{},"_coverageSchema":"1a1c01bbd47fc00a2c39e90264f33305004495a9","hash":"6b45425fe6b8f5add2b9eb7bc4e13a93b6b8a082"}
,"/Users/nicholasromano/Documents/take-home/src/MainPage.js": {"path":"/Users/nicholasromano/Documents/take-home/src/MainPage.js","statementMap":{"0":{"start":{"line":22,"column":32},"end":{"line":22,"column":44}},"1":{"start":{"line":23,"column":58},"end":{"line":23,"column":74}},"2":{"start":{"line":24,"column":32},"end":{"line":24,"column":46}},"3":{"start":{"line":25,"column":47},"end":{"line":25,"column":60}},"4":{"start":{"line":26,"column":19},"end":{"line":26,"column":31}},"5":{"start":{"line":28,"column":20},"end":{"line":54,"column":3}},"6":{"start":{"line":30,"column":38},"end":{"line":30,"column":44}},"7":{"start":{"line":32,"column":6},"end":{"line":34,"column":7}},"8":{"start":{"line":33,"column":8},"end":{"line":33,"column":15}},"9":{"start":{"line":36,"column":6},"end":{"line":51,"column":7}},"10":{"start":{"line":37,"column":8},"end":{"line":42,"column":11}},"11":{"start":{"line":44,"column":8},"end":{"line":50,"column":11}},"12":{"start":{"line":56,"column":23},"end":{"line":61,"column":3}},"13":{"start":{"line":57,"column":19},"end":{"line":57,"column":87}},"14":{"start":{"line":58,"column":4},"end":{"line":60,"column":5}},"15":{"start":{"line":59,"column":6},"end":{"line":59,"column":66}},"16":{"start":{"line":65,"column":2},"end":{"line":67,"column":12}},"17":{"start":{"line":66,"column":4},"end":{"line":66,"column":19}},"18":{"start":{"line":69,"column":20},"end":{"line":94,"column":22}},"19":{"start":{"line":70,"column":4},"end":{"line":93,"column":9}},"20":{"start":{"line":73,"column":20},"end":{"line":73,"column":31}},"21":{"start":{"line":75,"column":8},"end":{"line":88,"column":11}},"22":{"start":{"line":76,"column":10},"end":{"line":87,"column":11}},"23":{"start":{"line":77,"column":52},"end":{"line":77,"column":59}},"24":{"start":{"line":78,"column":12},"end":{"line":85,"column":14}},"25":{"start":{"line":81,"column":50},"end":{"line":81,"column":61}},"26":{"start":{"line":83,"column":50},"end":{"line":83,"column":61}},"27":{"start":{"line":89,"column":8},"end":{"line":92,"column":10}},"28":{"start":{"line":97,"column":2},"end":{"line":99,"column":33}},"29":{"start":{"line":98,"column":4},"end":{"line":98,"column":112}},"30":{"start":{"line":103,"column":2},"end":{"line":138,"column":4}},"31":{"start":{"line":123,"column":20},"end":{"line":128,"column":22}}},"fnMap":{"0":{"name":"MainPage","decl":{"start":{"line":21,"column":24},"end":{"line":21,"column":32}},"loc":{"start":{"line":21,"column":35},"end":{"line":139,"column":1}},"line":21},"1":{"name":"(anonymous_1)","decl":{"start":{"line":29,"column":4},"end":{"line":29,"column":5}},"loc":{"start":{"line":29,"column":14},"end":{"line":52,"column":5}},"line":29},"2":{"name":"(anonymous_2)","decl":{"start":{"line":56,"column":23},"end":{"line":56,"column":24}},"loc":{"start":{"line":56,"column":30},"end":{"line":61,"column":3}},"line":56},"3":{"name":"(anonymous_3)","decl":{"start":{"line":65,"column":12},"end":{"line":65,"column":13}},"loc":{"start":{"line":65,"column":18},"end":{"line":67,"column":3}},"line":65},"4":{"name":"(anonymous_4)","decl":{"start":{"line":69,"column":32},"end":{"line":69,"column":33}},"loc":{"start":{"line":69,"column":41},"end":{"line":94,"column":3}},"line":69},"5":{"name":"(anonymous_5)","decl":{"start":{"line":73,"column":12},"end":{"line":73,"column":13}},"loc":{"start":{"line":73,"column":20},"end":{"line":73,"column":31}},"line":73},"6":{"name":"(anonymous_6)","decl":{"start":{"line":74,"column":12},"end":{"line":74,"column":13}},"loc":{"start":{"line":74,"column":20},"end":{"line":93,"column":7}},"line":74},"7":{"name":"(anonymous_7)","decl":{"start":{"line":75,"column":19},"end":{"line":75,"column":20}},"loc":{"start":{"line":75,"column":33},"end":{"line":88,"column":9}},"line":75},"8":{"name":"(anonymous_8)","decl":{"start":{"line":76,"column":54},"end":{"line":76,"column":55}},"loc":{"start":{"line":76,"column":65},"end":{"line":86,"column":11}},"line":76},"9":{"name":"(anonymous_9)","decl":{"start":{"line":81,"column":40},"end":{"line":81,"column":41}},"loc":{"start":{"line":81,"column":50},"end":{"line":81,"column":61}},"line":81},"10":{"name":"(anonymous_10)","decl":{"start":{"line":83,"column":40},"end":{"line":83,"column":41}},"loc":{"start":{"line":83,"column":50},"end":{"line":83,"column":61}},"line":83},"11":{"name":"(anonymous_11)","decl":{"start":{"line":97,"column":12},"end":{"line":97,"column":13}},"loc":{"start":{"line":97,"column":18},"end":{"line":99,"column":3}},"line":97},"12":{"name":"(anonymous_12)","decl":{"start":{"line":122,"column":46},"end":{"line":122,"column":47}},"loc":{"start":{"line":123,"column":20},"end":{"line":128,"column":22}},"line":123}},"branchMap":{"0":{"loc":{"start":{"line":32,"column":6},"end":{"line":34,"column":7}},"type":"if","locations":[{"start":{"line":32,"column":6},"end":{"line":34,"column":7}},{"start":{"line":32,"column":6},"end":{"line":34,"column":7}}],"line":32},"1":{"loc":{"start":{"line":36,"column":6},"end":{"line":51,"column":7}},"type":"if","locations":[{"start":{"line":36,"column":6},"end":{"line":51,"column":7}},{"start":{"line":36,"column":6},"end":{"line":51,"column":7}}],"line":36},"2":{"loc":{"start":{"line":58,"column":4},"end":{"line":60,"column":5}},"type":"if","locations":[{"start":{"line":58,"column":4},"end":{"line":60,"column":5}},{"start":{"line":58,"column":4},"end":{"line":60,"column":5}}],"line":58},"3":{"loc":{"start":{"line":59,"column":6},"end":{"line":59,"column":65}},"type":"binary-expr","locations":[{"start":{"line":59,"column":6},"end":{"line":59,"column":28}},{"start":{"line":59,"column":32},"end":{"line":59,"column":65}}],"line":59},"4":{"loc":{"start":{"line":82,"column":21},"end":{"line":82,"column":49}},"type":"binary-expr","locations":[{"start":{"line":82,"column":21},"end":{"line":82,"column":43}},{"start":{"line":82,"column":47},"end":{"line":82,"column":49}}],"line":82},"5":{"loc":{"start":{"line":113,"column":14},"end":{"line":130,"column":34}},"type":"cond-expr","locations":[{"start":{"line":114,"column":16},"end":{"line":119,"column":18}},{"start":{"line":121,"column":16},"end":{"line":130,"column":34}}],"line":113}},"s":{"0":15,"1":15,"2":15,"3":15,"4":15,"5":15,"6":0,"7":0,"8":0,"9":0,"10":0,"11":0,"12":15,"13":0,"14":0,"15":0,"16":15,"17":2,"18":15,"19":2,"20":2,"21":2,"22":2,"23":2,"24":2,"25":2,"26":2,"27":2,"28":15,"29":2,"30":15,"31":1},"f":{"0":15,"1":0,"2":0,"3":2,"4":2,"5":2,"6":2,"7":2,"8":2,"9":2,"10":2,"11":2,"12":1},"b":{"0":[0,0],"1":[0,0],"2":[0,0],"3":[0,0],"4":[2,0],"5":[13,2]},"_coverageSchema":"1a1c01bbd47fc00a2c39e90264f33305004495a9","hash":"d896ee2cae7799db4e0b1b68fd9d8189dc209f4d"}
,"/Users/nicholasromano/Documents/take-home/src/index.js": {"path":"/Users/nicholasromano/Documents/take-home/src/index.js","statementMap":{"0":{"start":{"line":6,"column":0},"end":{"line":11,"column":2}}},"fnMap":{},"branchMap":{},"s":{"0":0},"f":{},"b":{}}
,"/Users/nicholasromano/Documents/take-home/src/components/AddShelfForm.js": {"path":"/Users/nicholasromano/Documents/take-home/src/components/AddShelfForm.js","statementMap":{"0":{"start":{"line":6,"column":30},"end":{"line":6,"column":45}},"1":{"start":{"line":7,"column":36},"end":{"line":7,"column":48}},"2":{"start":{"line":9,"column":23},"end":{"line":18,"column":3}},"3":{"start":{"line":11,"column":6},"end":{"line":11,"column":27}},"4":{"start":{"line":12,"column":6},"end":{"line":12,"column":57}},"5":{"start":{"line":13,"column":6},"end":{"line":13,"column":23}},"6":{"start":{"line":14,"column":6},"end":{"line":14,"column":23}},"7":{"start":{"line":15,"column":6},"end":{"line":15,"column":19}},"8":{"start":{"line":20,"column":2},"end":{"line":46,"column":4}},"9":{"start":{"line":30,"column":29},"end":{"line":30,"column":59}},"10":{"start":{"line":41,"column":51},"end":{"line":41,"column":66}}},"fnMap":{"0":{"name":"Shelves","decl":{"start":{"line":5,"column":24},"end":{"line":5,"column":31}},"loc":{"start":{"line":5,"column":64},"end":{"line":47,"column":1}},"line":5},"1":{"name":"(anonymous_1)","decl":{"start":{"line":10,"column":4},"end":{"line":10,"column":5}},"loc":{"start":{"line":10,"column":11},"end":{"line":16,"column":5}},"line":10},"2":{"name":"(anonymous_2)","decl":{"start":{"line":30,"column":22},"end":{"line":30,"column":23}},"loc":{"start":{"line":30,"column":29},"end":{"line":30,"column":59}},"line":30},"3":{"name":"(anonymous_3)","decl":{"start":{"line":41,"column":45},"end":{"line":41,"column":46}},"loc":{"start":{"line":41,"column":51},"end":{"line":41,"column":66}},"line":41}},"branchMap":{"0":{"loc":{"start":{"line":22,"column":7},"end":{"line":44,"column":7}},"type":"cond-expr","locations":[{"start":{"line":23,"column":8},"end":{"line":39,"column":15}},{"start":{"line":41,"column":8},"end":{"line":43,"column":17}}],"line":22}},"s":{"0":11,"1":11,"2":11,"3":2,"4":2,"5":2,"6":2,"7":2,"8":11,"9":2,"10":2},"f":{"0":11,"1":2,"2":2,"3":2},"b":{"0":[4,7]},"_coverageSchema":"1a1c01bbd47fc00a2c39e90264f33305004495a9","hash":"edebcea9ea6a9be2bffa8d474a9c6120e9bcb464"}
,"/Users/nicholasromano/Documents/take-home/src/components/AddShelfModal.js": {"path":"/Users/nicholasromano/Documents/take-home/src/components/AddShelfModal.js","statementMap":{"0":{"start":{"line":15,"column":44},"end":{"line":15,"column":60}},"1":{"start":{"line":16,"column":16},"end":{"line":16,"column":26}},"2":{"start":{"line":17,"column":21},"end":{"line":17,"column":64}},"3":{"start":{"line":19,"column":22},"end":{"line":24,"column":3}},"4":{"start":{"line":20,"column":4},"end":{"line":23,"column":6}},"5":{"start":{"line":26,"column":2},"end":{"line":45,"column":4}}},"fnMap":{"0":{"name":"AddShelfModal","decl":{"start":{"line":14,"column":24},"end":{"line":14,"column":37}},"loc":{"start":{"line":14,"column":49},"end":{"line":46,"column":1}},"line":14},"1":{"name":"(anonymous_1)","decl":{"start":{"line":19,"column":22},"end":{"line":19,"column":23}},"loc":{"start":{"line":19,"column":28},"end":{"line":24,"column":3}},"line":19}},"branchMap":{},"s":{"0":15,"1":15,"2":15,"3":15,"4":1,"5":15},"f":{"0":15,"1":1},"b":{},"_coverageSchema":"1a1c01bbd47fc00a2c39e90264f33305004495a9","hash":"d691780371eae12d37e0d683a93dd5b4cd234a56"}
,"/Users/nicholasromano/Documents/take-home/src/components/AppBarBanner.js": {"path":"/Users/nicholasromano/Documents/take-home/src/components/AppBarBanner.js","statementMap":{"0":{"start":{"line":4,"column":18},"end":{"line":14,"column":3}},"1":{"start":{"line":4,"column":39},"end":{"line":14,"column":1}},"2":{"start":{"line":17,"column":21},"end":{"line":52,"column":1}},"3":{"start":{"line":19,"column":30},"end":{"line":19,"column":46}},"4":{"start":{"line":21,"column":20},"end":{"line":21,"column":31}},"5":{"start":{"line":23,"column":24},"end":{"line":28,"column":5}},"6":{"start":{"line":24,"column":8},"end":{"line":27,"column":11}},"7":{"start":{"line":30,"column":4},"end":{"line":51,"column":5}}},"fnMap":{"0":{"name":"(anonymous_0)","decl":{"start":{"line":4,"column":29},"end":{"line":4,"column":30}},"loc":{"start":{"line":4,"column":39},"end":{"line":14,"column":1}},"line":4},"1":{"name":"(anonymous_1)","decl":{"start":{"line":17,"column":21},"end":{"line":17,"column":22}},"loc":{"start":{"line":17,"column":36},"end":{"line":52,"column":1}},"line":17},"2":{"name":"(anonymous_2)","decl":{"start":{"line":23,"column":24},"end":{"line":23,"column":25}},"loc":{"start":{"line":23,"column":30},"end":{"line":28,"column":5}},"line":23}},"branchMap":{},"s":{"0":1,"1":2,"2":1,"3":15,"4":15,"5":15,"6":0,"7":15},"f":{"0":2,"1":15,"2":0},"b":{},"_coverageSchema":"1a1c01bbd47fc00a2c39e90264f33305004495a9","hash":"08da8420187daee7d779d7e7f4f929fa07e7690a"}
,"/Users/nicholasromano/Documents/take-home/src/components/ChangeUserModal.js": {"path":"/Users/nicholasromano/Documents/take-home/src/components/ChangeUserModal.js","statementMap":{"0":{"start":{"line":13,"column":58},"end":{"line":13,"column":74}},"1":{"start":{"line":14,"column":39},"end":{"line":14,"column":52}},"2":{"start":{"line":15,"column":38},"end":{"line":15,"column":50}},"3":{"start":{"line":16,"column":40},"end":{"line":16,"column":54}},"4":{"start":{"line":18,"column":36},"end":{"line":18,"column":48}},"5":{"start":{"line":19,"column":16},"end":{"line":19,"column":26}},"6":{"start":{"line":20,"column":21},"end":{"line":20,"column":64}},"7":{"start":{"line":22,"column":22},"end":{"line":27,"column":22}},"8":{"start":{"line":23,"column":4},"end":{"line":26,"column":6}},"9":{"start":{"line":29,"column":23},"end":{"line":42,"column":49}},"10":{"start":{"line":30,"column":4},"end":{"line":30,"column":27}},"11":{"start":{"line":33,"column":4},"end":{"line":35,"column":7}},"12":{"start":{"line":37,"column":4},"end":{"line":40,"column":7}},"13":{"start":{"line":44,"column":2},"end":{"line":79,"column":4}},"14":{"start":{"line":61,"column":31},"end":{"line":61,"column":61}}},"fnMap":{"0":{"name":"AddShelfModal","decl":{"start":{"line":12,"column":24},"end":{"line":12,"column":37}},"loc":{"start":{"line":12,"column":40},"end":{"line":80,"column":1}},"line":12},"1":{"name":"(anonymous_1)","decl":{"start":{"line":22,"column":40},"end":{"line":22,"column":41}},"loc":{"start":{"line":22,"column":46},"end":{"line":27,"column":3}},"line":22},"2":{"name":"(anonymous_2)","decl":{"start":{"line":29,"column":41},"end":{"line":29,"column":42}},"loc":{"start":{"line":29,"column":52},"end":{"line":42,"column":3}},"line":29},"3":{"name":"(anonymous_3)","decl":{"start":{"line":61,"column":24},"end":{"line":61,"column":25}},"loc":{"start":{"line":61,"column":31},"end":{"line":61,"column":61}},"line":61}},"branchMap":{},"s":{"0":15,"1":15,"2":15,"3":15,"4":15,"5":15,"6":15,"7":15,"8":0,"9":15,"10":0,"11":0,"12":0,"13":15,"14":0},"f":{"0":15,"1":0,"2":0,"3":0},"b":{},"_coverageSchema":"1a1c01bbd47fc00a2c39e90264f33305004495a9","hash":"83bc5a34ae717cf6f1ec4d4095b56b4413265ddc"}
,"/Users/nicholasromano/Documents/take-home/src/components/RecordsContainer.js": {"path":"/Users/nicholasromano/Documents/take-home/src/components/RecordsContainer.js","statementMap":{"0":{"start":{"line":6,"column":2},"end":{"line":32,"column":4}},"1":{"start":{"line":21,"column":10},"end":{"line":27,"column":17}}},"fnMap":{"0":{"name":"RecordsContainer","decl":{"start":{"line":5,"column":24},"end":{"line":5,"column":40}},"loc":{"start":{"line":5,"column":87},"end":{"line":33,"column":1}},"line":5},"1":{"name":"(anonymous_1)","decl":{"start":{"line":20,"column":21},"end":{"line":20,"column":22}},"loc":{"start":{"line":21,"column":10},"end":{"line":27,"column":17}},"line":21}},"branchMap":{},"s":{"0":13,"1":9},"f":{"0":13,"1":9},"b":{},"_coverageSchema":"1a1c01bbd47fc00a2c39e90264f33305004495a9","hash":"22fd970eab029aeb701af1bf7812834c4a5fa433"}
,"/Users/nicholasromano/Documents/take-home/src/components/Shelf.js": {"path":"/Users/nicholasromano/Documents/take-home/src/components/Shelf.js","statementMap":{"0":{"start":{"line":16,"column":23},"end":{"line":18,"column":3}},"1":{"start":{"line":17,"column":4},"end":{"line":17,"column":44}},"2":{"start":{"line":17,"column":27},"end":{"line":17,"column":43}},"3":{"start":{"line":20,"column":34},"end":{"line":20,"column":49}},"4":{"start":{"line":21,"column":36},"end":{"line":21,"column":56}},"5":{"start":{"line":23,"column":23},"end":{"line":26,"column":34}},"6":{"start":{"line":24,"column":4},"end":{"line":24,"column":69}},"7":{"start":{"line":25,"column":4},"end":{"line":25,"column":23}},"8":{"start":{"line":28,"column":2},"end":{"line":109,"column":4}},"9":{"start":{"line":41,"column":29},"end":{"line":41,"column":59}},"10":{"start":{"line":46,"column":29},"end":{"line":46,"column":46}},"11":{"start":{"line":52,"column":25},"end":{"line":52,"column":72}},"12":{"start":{"line":69,"column":12},"end":{"line":104,"column":19}},"13":{"start":{"line":79,"column":18},"end":{"line":98,"column":30}},"14":{"start":{"line":85,"column":22},"end":{"line":96,"column":29}}},"fnMap":{"0":{"name":"Shelf","decl":{"start":{"line":15,"column":24},"end":{"line":15,"column":29}},"loc":{"start":{"line":15,"column":60},"end":{"line":110,"column":1}},"line":15},"1":{"name":"(anonymous_1)","decl":{"start":{"line":16,"column":41},"end":{"line":16,"column":42}},"loc":{"start":{"line":17,"column":4},"end":{"line":17,"column":44}},"line":17},"2":{"name":"(anonymous_2)","decl":{"start":{"line":17,"column":17},"end":{"line":17,"column":18}},"loc":{"start":{"line":17,"column":27},"end":{"line":17,"column":43}},"line":17},"3":{"name":"(anonymous_3)","decl":{"start":{"line":23,"column":35},"end":{"line":23,"column":36}},"loc":{"start":{"line":23,"column":41},"end":{"line":26,"column":3}},"line":23},"4":{"name":"(anonymous_4)","decl":{"start":{"line":41,"column":22},"end":{"line":41,"column":23}},"loc":{"start":{"line":41,"column":29},"end":{"line":41,"column":59}},"line":41},"5":{"name":"(anonymous_5)","decl":{"start":{"line":46,"column":23},"end":{"line":46,"column":24}},"loc":{"start":{"line":46,"column":29},"end":{"line":46,"column":46}},"line":46},"6":{"name":"(anonymous_6)","decl":{"start":{"line":52,"column":19},"end":{"line":52,"column":20}},"loc":{"start":{"line":52,"column":25},"end":{"line":52,"column":72}},"line":52},"7":{"name":"(anonymous_7)","decl":{"start":{"line":68,"column":11},"end":{"line":68,"column":12}},"loc":{"start":{"line":69,"column":12},"end":{"line":104,"column":19}},"line":69},"8":{"name":"(anonymous_8)","decl":{"start":{"line":78,"column":33},"end":{"line":78,"column":34}},"loc":{"start":{"line":79,"column":18},"end":{"line":98,"column":30}},"line":79},"9":{"name":"(anonymous_9)","decl":{"start":{"line":84,"column":21},"end":{"line":84,"column":22}},"loc":{"start":{"line":85,"column":22},"end":{"line":96,"column":29}},"line":85}},"branchMap":{"0":{"loc":{"start":{"line":37,"column":9},"end":{"line":49,"column":9}},"type":"cond-expr","locations":[{"start":{"line":38,"column":10},"end":{"line":44,"column":12}},{"start":{"line":46,"column":10},"end":{"line":48,"column":15}}],"line":37},"1":{"loc":{"start":{"line":77,"column":15},"end":{"line":102,"column":15}},"type":"cond-expr","locations":[{"start":{"line":78,"column":16},"end":{"line":99,"column":18}},{"start":{"line":101,"column":16},"end":{"line":101,"column":42}}],"line":77}},"s":{"0":1,"1":0,"2":0,"3":1,"4":1,"5":1,"6":0,"7":0,"8":1,"9":0,"10":0,"11":1,"12":1,"13":0,"14":0},"f":{"0":1,"1":0,"2":0,"3":0,"4":0,"5":0,"6":1,"7":1,"8":0,"9":0},"b":{"0":[0,1],"1":[0,1]},"_coverageSchema":"1a1c01bbd47fc00a2c39e90264f33305004495a9","hash":"0f2d252dd9eee2b4dd1a761499317e34bdfc74b5"}
,"/Users/nicholasromano/Documents/take-home/src/components/SideMenu.js": {"path":"/Users/nicholasromano/Documents/take-home/src/components/SideMenu.js","statementMap":{"0":{"start":{"line":14,"column":18},"end":{"line":29,"column":3}},"1":{"start":{"line":14,"column":41},"end":{"line":29,"column":1}},"2":{"start":{"line":31,"column":17},"end":{"line":118,"column":1}},"3":{"start":{"line":32,"column":46},"end":{"line":32,"column":62}},"4":{"start":{"line":33,"column":20},"end":{"line":33,"column":31}},"5":{"start":{"line":35,"column":28},"end":{"line":40,"column":5}},"6":{"start":{"line":36,"column":8},"end":{"line":39,"column":11}},"7":{"start":{"line":42,"column":37},"end":{"line":47,"column":5}},"8":{"start":{"line":43,"column":8},"end":{"line":46,"column":10}},"9":{"start":{"line":49,"column":35},"end":{"line":54,"column":5}},"10":{"start":{"line":50,"column":8},"end":{"line":53,"column":11}},"11":{"start":{"line":56,"column":4},"end":{"line":116,"column":5}},"12":{"start":{"line":88,"column":32},"end":{"line":98,"column":43}},"13":{"start":{"line":92,"column":51},"end":{"line":92,"column":73}}},"fnMap":{"0":{"name":"(anonymous_0)","decl":{"start":{"line":14,"column":29},"end":{"line":14,"column":30}},"loc":{"start":{"line":14,"column":41},"end":{"line":29,"column":1}},"line":14},"1":{"name":"(anonymous_1)","decl":{"start":{"line":31,"column":17},"end":{"line":31,"column":18}},"loc":{"start":{"line":31,"column":23},"end":{"line":118,"column":1}},"line":31},"2":{"name":"(anonymous_2)","decl":{"start":{"line":35,"column":28},"end":{"line":35,"column":29}},"loc":{"start":{"line":35,"column":40},"end":{"line":40,"column":5}},"line":35},"3":{"name":"(anonymous_3)","decl":{"start":{"line":42,"column":37},"end":{"line":42,"column":38}},"loc":{"start":{"line":42,"column":43},"end":{"line":47,"column":5}},"line":42},"4":{"name":"(anonymous_4)","decl":{"start":{"line":49,"column":35},"end":{"line":49,"column":36}},"loc":{"start":{"line":49,"column":41},"end":{"line":54,"column":5}},"line":49},"5":{"name":"(anonymous_5)","decl":{"start":{"line":87,"column":66},"end":{"line":87,"column":67}},"loc":{"start":{"line":88,"column":32},"end":{"line":98,"column":43}},"line":88},"6":{"name":"(anonymous_6)","decl":{"start":{"line":92,"column":45},"end":{"line":92,"column":46}},"loc":{"start":{"line":92,"column":51},"end":{"line":92,"column":73}},"line":92}},"branchMap":{"0":{"loc":{"start":{"line":69,"column":32},"end":{"line":69,"column":84}},"type":"binary-expr","locations":[{"start":{"line":69,"column":32},"end":{"line":69,"column":64}},{"start":{"line":69,"column":68},"end":{"line":69,"column":84}}],"line":69},"1":{"loc":{"start":{"line":82,"column":17},"end":{"line":82,"column":84}},"type":"cond-expr","locations":[{"start":{"line":82,"column":53},"end":{"line":82,"column":67}},{"start":{"line":82,"column":70},"end":{"line":82,"column":84}}],"line":82},"2":{"loc":{"start":{"line":90,"column":52},"end":{"line":90,"column":116}},"type":"binary-expr","locations":[{"start":{"line":90,"column":52},"end":{"line":90,"column":96}},{"start":{"line":90,"column":100},"end":{"line":90,"column":116}}],"line":90}},"s":{"0":1,"1":2,"2":1,"3":15,"4":15,"5":15,"6":1,"7":15,"8":0,"9":15,"10":2,"11":15,"12":4,"13":1},"f":{"0":2,"1":15,"2":1,"3":0,"4":2,"5":4,"6":1},"b":{"0":[15,13],"1":[15,0],"2":[4,1]},"_coverageSchema":"1a1c01bbd47fc00a2c39e90264f33305004495a9","hash":"4b260453ca038422994bf0d67f98cd40b2849d73"}
,"/Users/nicholasromano/Documents/take-home/src/store/RootContextProvider.js": {"path":"/Users/nicholasromano/Documents/take-home/src/store/RootContextProvider.js","statementMap":{"0":{"start":{"line":5,"column":28},"end":{"line":13,"column":1}},"1":{"start":{"line":6,"column":4},"end":{"line":12,"column":20}}},"fnMap":{"0":{"name":"(anonymous_0)","decl":{"start":{"line":5,"column":28},"end":{"line":5,"column":29}},"loc":{"start":{"line":6,"column":4},"end":{"line":12,"column":20}},"line":6}},"branchMap":{},"s":{"0":1,"1":2},"f":{"0":2},"b":{},"_coverageSchema":"1a1c01bbd47fc00a2c39e90264f33305004495a9","hash":"cb705c552dc7ed3f6a5cd80dc59945c0bd3852ed"}
,"/Users/nicholasromano/Documents/take-home/src/store/useRootContext.js": {"path":"/Users/nicholasromano/Documents/take-home/src/store/useRootContext.js","statementMap":{"0":{"start":{"line":5,"column":23},"end":{"line":9,"column":2}},"1":{"start":{"line":5,"column":30},"end":{"line":9,"column":1}}},"fnMap":{"0":{"name":"(anonymous_0)","decl":{"start":{"line":5,"column":23},"end":{"line":5,"column":24}},"loc":{"start":{"line":5,"column":30},"end":{"line":9,"column":1}},"line":5}},"branchMap":{},"s":{"0":1,"1":75},"f":{"0":75},"b":{},"_coverageSchema":"1a1c01bbd47fc00a2c39e90264f33305004495a9","hash":"ca926af5adab77e2a0a9470546f5a11bf6d8da42"}
,"/Users/nicholasromano/Documents/take-home/src/store/admin/context.js": {"path":"/Users/nicholasromano/Documents/take-home/src/store/admin/context.js","statementMap":{"0":{"start":{"line":5,"column":28},"end":{"line":7,"column":1}},"1":{"start":{"line":9,"column":21},"end":{"line":9,"column":48}},"2":{"start":{"line":11,"column":22},"end":{"line":25,"column":1}},"3":{"start":{"line":13,"column":30},"end":{"line":13,"column":63}},"4":{"start":{"line":15,"column":4},"end":{"line":24,"column":5}}},"fnMap":{"0":{"name":"(anonymous_0)","decl":{"start":{"line":11,"column":22},"end":{"line":11,"column":23}},"loc":{"start":{"line":11,"column":40},"end":{"line":25,"column":1}},"line":11}},"branchMap":{},"s":{"0":2,"1":2,"2":2,"3":3,"4":3},"f":{"0":3},"b":{},"_coverageSchema":"1a1c01bbd47fc00a2c39e90264f33305004495a9","hash":"6c84ee2dc9e9262a599b1c2db0ed0b8c238f1aa8"}
,"/Users/nicholasromano/Documents/take-home/src/store/admin/hook.js": {"path":"/Users/nicholasromano/Documents/take-home/src/store/admin/hook.js","statementMap":{"0":{"start":{"line":4,"column":31},"end":{"line":4,"column":61}},"1":{"start":{"line":4,"column":37},"end":{"line":4,"column":61}}},"fnMap":{"0":{"name":"(anonymous_0)","decl":{"start":{"line":4,"column":31},"end":{"line":4,"column":32}},"loc":{"start":{"line":4,"column":37},"end":{"line":4,"column":61}},"line":4}},"branchMap":{},"s":{"0":1,"1":75},"f":{"0":75},"b":{},"_coverageSchema":"1a1c01bbd47fc00a2c39e90264f33305004495a9","hash":"5bb07003ed3653f9509ef47b0df1b8692be496ee"}
,"/Users/nicholasromano/Documents/take-home/src/store/admin/reducer.js": {"path":"/Users/nicholasromano/Documents/take-home/src/store/admin/reducer.js","statementMap":{"0":{"start":{"line":3,"column":23},"end":{"line":13,"column":1}},"1":{"start":{"line":4,"column":4},"end":{"line":12,"column":5}},"2":{"start":{"line":6,"column":12},"end":{"line":9,"column":13}},"3":{"start":{"line":11,"column":12},"end":{"line":11,"column":74}}},"fnMap":{"0":{"name":"(anonymous_0)","decl":{"start":{"line":3,"column":23},"end":{"line":3,"column":24}},"loc":{"start":{"line":3,"column":42},"end":{"line":13,"column":1}},"line":3}},"branchMap":{"0":{"loc":{"start":{"line":4,"column":4},"end":{"line":12,"column":5}},"type":"switch","locations":[{"start":{"line":5,"column":8},"end":{"line":9,"column":13}},{"start":{"line":10,"column":8},"end":{"line":11,"column":74}}],"line":4}},"s":{"0":2,"1":2,"2":1,"3":1},"f":{"0":2},"b":{"0":[1,1]},"_coverageSchema":"1a1c01bbd47fc00a2c39e90264f33305004495a9","hash":"236f6176f8a8580f2df6c56f23c8982a84c2caef"}
,"/Users/nicholasromano/Documents/take-home/src/store/catalog/context.js": {"path":"/Users/nicholasromano/Documents/take-home/src/store/catalog/context.js","statementMap":{"0":{"start":{"line":4,"column":28},"end":{"line":5,"column":1}},"1":{"start":{"line":7,"column":23},"end":{"line":7,"column":50}},"2":{"start":{"line":9,"column":24},"end":{"line":24,"column":1}},"3":{"start":{"line":11,"column":30},"end":{"line":11,"column":63}},"4":{"start":{"line":13,"column":4},"end":{"line":22,"column":5}}},"fnMap":{"0":{"name":"(anonymous_0)","decl":{"start":{"line":9,"column":24},"end":{"line":9,"column":25}},"loc":{"start":{"line":9,"column":42},"end":{"line":24,"column":1}},"line":9}},"branchMap":{},"s":{"0":2,"1":2,"2":2,"3":6,"4":6},"f":{"0":6},"b":{},"_coverageSchema":"1a1c01bbd47fc00a2c39e90264f33305004495a9","hash":"295193a15a6b80af5192e7de6ea80c91f4463d6d"}
,"/Users/nicholasromano/Documents/take-home/src/store/catalog/hook.js": {"path":"/Users/nicholasromano/Documents/take-home/src/store/catalog/hook.js","statementMap":{"0":{"start":{"line":4,"column":33},"end":{"line":4,"column":65}},"1":{"start":{"line":4,"column":39},"end":{"line":4,"column":65}}},"fnMap":{"0":{"name":"(anonymous_0)","decl":{"start":{"line":4,"column":33},"end":{"line":4,"column":34}},"loc":{"start":{"line":4,"column":39},"end":{"line":4,"column":65}},"line":4}},"branchMap":{},"s":{"0":1,"1":75},"f":{"0":75},"b":{},"_coverageSchema":"1a1c01bbd47fc00a2c39e90264f33305004495a9","hash":"dee6a400c29276d476a8becd4bd5e7712c39cbf8"}
,"/Users/nicholasromano/Documents/take-home/src/store/catalog/reducer.js": {"path":"/Users/nicholasromano/Documents/take-home/src/store/catalog/reducer.js","statementMap":{"0":{"start":{"line":4,"column":28},"end":{"line":4,"column":29}},"1":{"start":{"line":6,"column":23},"end":{"line":92,"column":1}},"2":{"start":{"line":7,"column":2},"end":{"line":91,"column":3}},"3":{"start":{"line":9,"column":17},"end":{"line":9,"column":42}},"4":{"start":{"line":10,"column":6},"end":{"line":10,"column":23}},"5":{"start":{"line":11,"column":6},"end":{"line":18,"column":8}},"6":{"start":{"line":20,"column":6},"end":{"line":25,"column":13}},"7":{"start":{"line":21,"column":8},"end":{"line":23,"column":9}},"8":{"start":{"line":22,"column":10},"end":{"line":22,"column":31}},"9":{"start":{"line":24,"column":8},"end":{"line":24,"column":24}},"10":{"start":{"line":27,"column":6},"end":{"line":33,"column":8}},"11":{"start":{"line":35,"column":6},"end":{"line":43,"column":8}},"12":{"start":{"line":45,"column":6},"end":{"line":53,"column":8}},"13":{"start":{"line":50,"column":18},"end":{"line":50,"column":40}},"14":{"start":{"line":55,"column":23},"end":{"line":55,"column":57}},"15":{"start":{"line":56,"column":23},"end":{"line":56,"column":58}},"16":{"start":{"line":57,"column":6},"end":{"line":57,"column":50}},"17":{"start":{"line":58,"column":6},"end":{"line":64,"column":8}},"18":{"start":{"line":66,"column":23},"end":{"line":66,"column":58}},"19":{"start":{"line":67,"column":6},"end":{"line":71,"column":8}},"20":{"start":{"line":73,"column":6},"end":{"line":85,"column":8}},"21":{"start":{"line":78,"column":31},"end":{"line":78,"column":56}},"22":{"start":{"line":87,"column":8},"end":{"line":87,"column":27}},"23":{"start":{"line":90,"column":6},"end":{"line":90,"column":24}}},"fnMap":{"0":{"name":"(anonymous_0)","decl":{"start":{"line":6,"column":23},"end":{"line":6,"column":24}},"loc":{"start":{"line":6,"column":42},"end":{"line":92,"column":1}},"line":6},"1":{"name":"(anonymous_1)","decl":{"start":{"line":20,"column":42},"end":{"line":20,"column":43}},"loc":{"start":{"line":20,"column":69},"end":{"line":25,"column":7}},"line":20},"2":{"name":"(anonymous_2)","decl":{"start":{"line":50,"column":12},"end":{"line":50,"column":13}},"loc":{"start":{"line":50,"column":18},"end":{"line":50,"column":40}},"line":50},"3":{"name":"(anonymous_3)","decl":{"start":{"line":78,"column":12},"end":{"line":78,"column":13}},"loc":{"start":{"line":78,"column":31},"end":{"line":78,"column":56}},"line":78}},"branchMap":{"0":{"loc":{"start":{"line":7,"column":2},"end":{"line":91,"column":3}},"type":"switch","locations":[{"start":{"line":8,"column":4},"end":{"line":18,"column":8}},{"start":{"line":19,"column":4},"end":{"line":25,"column":13}},{"start":{"line":26,"column":4},"end":{"line":33,"column":8}},{"start":{"line":34,"column":4},"end":{"line":43,"column":8}},{"start":{"line":44,"column":4},"end":{"line":53,"column":8}},{"start":{"line":54,"column":4},"end":{"line":64,"column":8}},{"start":{"line":65,"column":4},"end":{"line":85,"column":8}},{"start":{"line":86,"column":6},"end":{"line":87,"column":27}},{"start":{"line":89,"column":4},"end":{"line":90,"column":24}}],"line":7},"1":{"loc":{"start":{"line":21,"column":8},"end":{"line":23,"column":9}},"type":"if","locations":[{"start":{"line":21,"column":8},"end":{"line":23,"column":9}},{"start":{"line":21,"column":8},"end":{"line":23,"column":9}}],"line":21}},"s":{"0":2,"1":2,"2":17,"3":8,"4":8,"5":8,"6":2,"7":2,"8":0,"9":2,"10":1,"11":3,"12":1,"13":1,"14":0,"15":0,"16":0,"17":0,"18":0,"19":0,"20":0,"21":0,"22":1,"23":1},"f":{"0":17,"1":2,"2":1,"3":0},"b":{"0":[8,2,1,3,1,0,0,1,1],"1":[0,2]},"_coverageSchema":"1a1c01bbd47fc00a2c39e90264f33305004495a9","hash":"e95216ee9df9d08b529ca6402cb1693566011ea0"}
,"/Users/nicholasromano/Documents/take-home/src/store/layout/context.js": {"path":"/Users/nicholasromano/Documents/take-home/src/store/layout/context.js","statementMap":{"0":{"start":{"line":5,"column":28},"end":{"line":13,"column":1}},"1":{"start":{"line":15,"column":22},"end":{"line":15,"column":49}},"2":{"start":{"line":17,"column":23},"end":{"line":31,"column":1}},"3":{"start":{"line":19,"column":30},"end":{"line":19,"column":63}},"4":{"start":{"line":21,"column":4},"end":{"line":30,"column":5}}},"fnMap":{"0":{"name":"(anonymous_0)","decl":{"start":{"line":17,"column":23},"end":{"line":17,"column":24}},"loc":{"start":{"line":17,"column":41},"end":{"line":31,"column":1}},"line":17}},"branchMap":{},"s":{"0":2,"1":2,"2":2,"3":9,"4":9},"f":{"0":9},"b":{},"_coverageSchema":"1a1c01bbd47fc00a2c39e90264f33305004495a9","hash":"c656fee3a578fb750d6099c89ed39b5d19ff26f6"}
,"/Users/nicholasromano/Documents/take-home/src/store/layout/hook.js": {"path":"/Users/nicholasromano/Documents/take-home/src/store/layout/hook.js","statementMap":{"0":{"start":{"line":4,"column":32},"end":{"line":4,"column":63}},"1":{"start":{"line":4,"column":38},"end":{"line":4,"column":63}}},"fnMap":{"0":{"name":"(anonymous_0)","decl":{"start":{"line":4,"column":32},"end":{"line":4,"column":33}},"loc":{"start":{"line":4,"column":38},"end":{"line":4,"column":63}},"line":4}},"branchMap":{},"s":{"0":1,"1":75},"f":{"0":75},"b":{},"_coverageSchema":"1a1c01bbd47fc00a2c39e90264f33305004495a9","hash":"a87d7d837a96c28d6da11ed238bd80ce74e8e3fd"}
,"/Users/nicholasromano/Documents/take-home/src/store/layout/reducer.js": {"path":"/Users/nicholasromano/Documents/take-home/src/store/layout/reducer.js","statementMap":{"0":{"start":{"line":2,"column":23},"end":{"line":38,"column":1}},"1":{"start":{"line":3,"column":4},"end":{"line":37,"column":5}},"2":{"start":{"line":5,"column":12},"end":{"line":8,"column":13}},"3":{"start":{"line":10,"column":12},"end":{"line":13,"column":13}},"4":{"start":{"line":16,"column":12},"end":{"line":19,"column":13}},"5":{"start":{"line":21,"column":12},"end":{"line":24,"column":13}},"6":{"start":{"line":26,"column":12},"end":{"line":29,"column":13}},"7":{"start":{"line":31,"column":12},"end":{"line":34,"column":13}},"8":{"start":{"line":36,"column":12},"end":{"line":36,"column":77}}},"fnMap":{"0":{"name":"(anonymous_0)","decl":{"start":{"line":2,"column":23},"end":{"line":2,"column":24}},"loc":{"start":{"line":2,"column":42},"end":{"line":38,"column":1}},"line":2}},"branchMap":{"0":{"loc":{"start":{"line":3,"column":4},"end":{"line":37,"column":5}},"type":"switch","locations":[{"start":{"line":4,"column":8},"end":{"line":8,"column":13}},{"start":{"line":9,"column":8},"end":{"line":14,"column":9}},{"start":{"line":15,"column":8},"end":{"line":19,"column":13}},{"start":{"line":20,"column":8},"end":{"line":24,"column":13}},{"start":{"line":25,"column":8},"end":{"line":29,"column":13}},{"start":{"line":30,"column":8},"end":{"line":34,"column":13}},{"start":{"line":35,"column":8},"end":{"line":36,"column":77}}],"line":3}},"s":{"0":2,"1":10,"2":1,"3":1,"4":1,"5":4,"6":3,"7":0,"8":0},"f":{"0":10},"b":{"0":[1,1,1,4,3,0,0]},"_coverageSchema":"1a1c01bbd47fc00a2c39e90264f33305004495a9","hash":"1daf0034ba82da030ec9d73799547be395add5d1"}
}
