TN:
SF:src/App.js
FN:5,App
FNF:1
FNH:1
FNDA:2,App
DA:7,2
LF:1
LH:1
BRF:0
BRH:0
end_of_record
TN:
SF:src/MainPage.js
FN:21,MainPage
FN:29,(anonymous_1)
FN:56,(anonymous_2)
FN:65,(anonymous_3)
FN:69,(anonymous_4)
FN:73,(anonymous_5)
FN:74,(anonymous_6)
FN:75,(anonymous_7)
FN:76,(anonymous_8)
FN:81,(anonymous_9)
FN:83,(anonymous_10)
FN:97,(anonymous_11)
FN:122,(anonymous_12)
FNF:13
FNH:11
FNDA:15,MainPage
FNDA:0,(anonymous_1)
FNDA:0,(anonymous_2)
FNDA:2,(anonymous_3)
FNDA:2,(anonymous_4)
FNDA:2,(anonymous_5)
FNDA:2,(anonymous_6)
FNDA:2,(anonymous_7)
FNDA:2,(anonymous_8)
FNDA:2,(anonymous_9)
FNDA:2,(anonymous_10)
FNDA:2,(anonymous_11)
FNDA:1,(anonymous_12)
DA:22,15
DA:23,15
DA:24,15
DA:25,15
DA:26,15
DA:28,15
DA:30,0
DA:32,0
DA:33,0
DA:36,0
DA:37,0
DA:44,0
DA:56,15
DA:57,0
DA:58,0
DA:59,0
DA:65,15
DA:66,2
DA:69,15
DA:70,2
DA:73,2
DA:75,2
DA:76,2
DA:77,2
DA:78,2
DA:81,2
DA:83,2
DA:89,2
DA:97,15
DA:98,2
DA:103,15
DA:123,1
LF:32
LH:23
BRDA:32,0,0,0
BRDA:32,0,1,0
BRDA:36,1,0,0
BRDA:36,1,1,0
BRDA:58,2,0,0
BRDA:58,2,1,0
BRDA:59,3,0,0
BRDA:59,3,1,0
BRDA:82,4,0,2
BRDA:82,4,1,0
BRDA:113,5,0,13
BRDA:113,5,1,2
BRF:12
BRH:3
end_of_record
TN:
SF:src/index.js
FNF:0
FNH:0
DA:6,0
LF:1
LH:0
BRF:0
BRH:0
end_of_record
TN:
SF:src/components/AddShelfForm.js
FN:5,Shelves
FN:10,(anonymous_1)
FN:30,(anonymous_2)
FN:41,(anonymous_3)
FNF:4
FNH:4
FNDA:11,Shelves
FNDA:2,(anonymous_1)
FNDA:2,(anonymous_2)
FNDA:2,(anonymous_3)
DA:6,11
DA:7,11
DA:9,11
DA:11,2
DA:12,2
DA:13,2
DA:14,2
DA:15,2
DA:20,11
DA:30,2
DA:41,2
LF:11
LH:11
BRDA:22,0,0,4
BRDA:22,0,1,7
BRF:2
BRH:2
end_of_record
TN:
SF:src/components/AddShelfModal.js
FN:14,AddShelfModal
FN:19,(anonymous_1)
FNF:2
FNH:2
FNDA:15,AddShelfModal
FNDA:1,(anonymous_1)
DA:15,15
DA:16,15
DA:17,15
DA:19,15
DA:20,1
DA:26,15
LF:6
LH:6
BRF:0
BRH:0
end_of_record
TN:
SF:src/components/AppBarBanner.js
FN:4,(anonymous_0)
FN:17,(anonymous_1)
FN:23,(anonymous_2)
FNF:3
FNH:2
FNDA:2,(anonymous_0)
FNDA:15,(anonymous_1)
FNDA:0,(anonymous_2)
DA:4,2
DA:17,1
DA:19,15
DA:21,15
DA:23,15
DA:24,0
DA:30,15
LF:7
LH:6
BRF:0
BRH:0
end_of_record
TN:
SF:src/components/ChangeUserModal.js
FN:12,AddShelfModal
FN:22,(anonymous_1)
FN:29,(anonymous_2)
FN:61,(anonymous_3)
FNF:4
FNH:1
FNDA:15,AddShelfModal
FNDA:0,(anonymous_1)
FNDA:0,(anonymous_2)
FNDA:0,(anonymous_3)
DA:13,15
DA:14,15
DA:15,15
DA:16,15
DA:18,15
DA:19,15
DA:20,15
DA:22,15
DA:23,0
DA:29,15
DA:30,0
DA:33,0
DA:37,0
DA:44,15
DA:61,0
LF:15
LH:10
BRF:0
BRH:0
end_of_record
TN:
SF:src/components/RecordsContainer.js
FN:5,RecordsContainer
FN:20,(anonymous_1)
FNF:2
FNH:2
FNDA:13,RecordsContainer
FNDA:9,(anonymous_1)
DA:6,13
DA:21,9
LF:2
LH:2
BRF:0
BRH:0
end_of_record
TN:
SF:src/components/Shelf.js
FN:15,Shelf
FN:16,(anonymous_1)
FN:17,(anonymous_2)
FN:23,(anonymous_3)
FN:41,(anonymous_4)
FN:46,(anonymous_5)
FN:52,(anonymous_6)
FN:68,(anonymous_7)
FN:78,(anonymous_8)
FN:84,(anonymous_9)
FNF:10
FNH:3
FNDA:1,Shelf
FNDA:0,(anonymous_1)
FNDA:0,(anonymous_2)
FNDA:0,(anonymous_3)
FNDA:0,(anonymous_4)
FNDA:0,(anonymous_5)
FNDA:1,(anonymous_6)
FNDA:1,(anonymous_7)
FNDA:0,(anonymous_8)
FNDA:0,(anonymous_9)
DA:16,1
DA:17,0
DA:20,1
DA:21,1
DA:23,1
DA:24,0
DA:25,0
DA:28,1
DA:41,0
DA:46,0
DA:52,1
DA:69,1
DA:79,0
DA:85,0
LF:14
LH:7
BRDA:37,0,0,0
BRDA:37,0,1,1
BRDA:77,1,0,0
BRDA:77,1,1,1
BRF:4
BRH:2
end_of_record
TN:
SF:src/components/SideMenu.js
FN:14,(anonymous_0)
FN:31,(anonymous_1)
FN:35,(anonymous_2)
FN:42,(anonymous_3)
FN:49,(anonymous_4)
FN:87,(anonymous_5)
FN:92,(anonymous_6)
FNF:7
FNH:6
FNDA:2,(anonymous_0)
FNDA:15,(anonymous_1)
FNDA:1,(anonymous_2)
FNDA:0,(anonymous_3)
FNDA:2,(anonymous_4)
FNDA:4,(anonymous_5)
FNDA:1,(anonymous_6)
DA:14,2
DA:31,1
DA:32,15
DA:33,15
DA:35,15
DA:36,1
DA:42,15
DA:43,0
DA:49,15
DA:50,2
DA:56,15
DA:88,4
DA:92,1
LF:13
LH:12
BRDA:69,0,0,15
BRDA:69,0,1,13
BRDA:82,1,0,15
BRDA:82,1,1,0
BRDA:90,2,0,4
BRDA:90,2,1,1
BRF:6
BRH:5
end_of_record
TN:
SF:src/store/RootContextProvider.js
FN:5,(anonymous_0)
FNF:1
FNH:1
FNDA:2,(anonymous_0)
DA:5,1
DA:6,2
LF:2
LH:2
BRF:0
BRH:0
end_of_record
TN:
SF:src/store/useRootContext.js
FN:5,(anonymous_0)
FNF:1
FNH:1
FNDA:75,(anonymous_0)
DA:5,75
LF:1
LH:1
BRF:0
BRH:0
end_of_record
TN:
SF:src/store/admin/context.js
FN:11,(anonymous_0)
FNF:1
FNH:1
FNDA:3,(anonymous_0)
DA:5,2
DA:9,2
DA:11,2
DA:13,3
DA:15,3
LF:5
LH:5
BRF:0
BRH:0
end_of_record
TN:
SF:src/store/admin/hook.js
FN:4,(anonymous_0)
FNF:1
FNH:1
FNDA:75,(anonymous_0)
DA:4,75
LF:1
LH:1
BRF:0
BRH:0
end_of_record
TN:
SF:src/store/admin/reducer.js
FN:3,(anonymous_0)
FNF:1
FNH:1
FNDA:2,(anonymous_0)
DA:3,2
DA:4,2
DA:6,1
DA:11,1
LF:4
LH:4
BRDA:4,0,0,1
BRDA:4,0,1,1
BRF:2
BRH:2
end_of_record
TN:
SF:src/store/catalog/context.js
FN:9,(anonymous_0)
FNF:1
FNH:1
FNDA:6,(anonymous_0)
DA:4,2
DA:7,2
DA:9,2
DA:11,6
DA:13,6
LF:5
LH:5
BRF:0
BRH:0
end_of_record
TN:
SF:src/store/catalog/hook.js
FN:4,(anonymous_0)
FNF:1
FNH:1
FNDA:75,(anonymous_0)
DA:4,75
LF:1
LH:1
BRF:0
BRH:0
end_of_record
TN:
SF:src/store/catalog/reducer.js
FN:6,(anonymous_0)
FN:20,(anonymous_1)
FN:50,(anonymous_2)
FN:78,(anonymous_3)
FNF:4
FNH:3
FNDA:17,(anonymous_0)
FNDA:2,(anonymous_1)
FNDA:1,(anonymous_2)
FNDA:0,(anonymous_3)
DA:4,2
DA:6,2
DA:7,17
DA:9,8
DA:10,8
DA:11,8
DA:20,2
DA:21,2
DA:22,0
DA:24,2
DA:27,1
DA:35,3
DA:45,1
DA:50,1
DA:55,0
DA:56,0
DA:57,0
DA:58,0
DA:66,0
DA:67,0
DA:73,0
DA:78,0
DA:87,1
DA:90,1
LF:24
LH:15
BRDA:7,0,0,8
BRDA:7,0,1,2
BRDA:7,0,2,1
BRDA:7,0,3,3
BRDA:7,0,4,1
BRDA:7,0,5,0
BRDA:7,0,6,0
BRDA:7,0,7,1
BRDA:7,0,8,1
BRDA:21,1,0,0
BRDA:21,1,1,2
BRF:11
BRH:8
end_of_record
TN:
SF:src/store/layout/context.js
FN:17,(anonymous_0)
FNF:1
FNH:1
FNDA:9,(anonymous_0)
DA:5,2
DA:15,2
DA:17,2
DA:19,9
DA:21,9
LF:5
LH:5
BRF:0
BRH:0
end_of_record
TN:
SF:src/store/layout/hook.js
FN:4,(anonymous_0)
FNF:1
FNH:1
FNDA:75,(anonymous_0)
DA:4,75
LF:1
LH:1
BRF:0
BRH:0
end_of_record
TN:
SF:src/store/layout/reducer.js
FN:2,(anonymous_0)
FNF:1
FNH:1
FNDA:10,(anonymous_0)
DA:2,2
DA:3,10
DA:5,1
DA:10,1
DA:16,1
DA:21,4
DA:26,3
DA:31,0
DA:36,0
LF:9
LH:7
BRDA:3,0,0,1
BRDA:3,0,1,1
BRDA:3,0,2,1
BRDA:3,0,3,4
BRDA:3,0,4,3
BRDA:3,0,5,0
BRDA:3,0,6,0
BRF:7
BRH:5
end_of_record
